<?xml version="1.0" encoding="UTF-8"?>
<!-- Generated by org.testng.reporters.JUnitXMLReporter -->
<testsuite ignored="10" hostname="CLAP1925" failures="0" tests="1" name="Account Login" time="0.044" errors="0" timestamp="2022-06-07T11:24:56 IST">
  <testcase classname="xyz.day1" name="logindemo5" time="0.006"/>
  <testcase classname="xyz.day1" name="logindemo4" time="0.0">
    <ignored/>
  </testcase> <!-- logindemo4 -->
  <testcase classname="xyz.day2" name="signIn3" time="0.0">
    <ignored/>
  </testcase> <!-- signIn3 -->
  <testcase classname="xyz.day2" name="signIn4" time="0.0">
    <ignored/>
  </testcase> <!-- signIn4 -->
  <testcase classname="xyz.day2" name="signIn2" time="0.0">
    <ignored/>
  </testcase> <!-- signIn2 -->
  <testcase classname="xyz.day2" name="signIn5" time="0.0">
    <ignored/>
  </testcase> <!-- signIn5 -->
  <testcase classname="xyz.day1" name="logindemo2" time="0.0">
    <ignored/>
  </testcase> <!-- logindemo2 -->
  <testcase classname="xyz.day1" name="logindemo3" time="0.0">
    <ignored/>
  </testcase> <!-- logindemo3 -->
  <testcase classname="xyz.day1" name="logindemo1" time="0.0">
    <ignored/>
  </testcase> <!-- logindemo1 -->
  <testcase classname="xyz.day2" name="signIn1" time="0.0">
    <ignored/>
  </testcase> <!-- signIn1 -->
  <testcase classname="xyz.day1" name="logindemo6" time="0.0">
    <ignored/>
  </testcase> <!-- logindemo6 -->
</testsuite> <!-- Account Login -->
