<?xml version="1.0" encoding="UTF-8"?>
<!-- Generated by org.testng.reporters.JUnitXMLReporter -->
<testsuite ignored="0" hostname="CLAP1925" failures="0" tests="6" name="Default test" time="0.063" errors="0" timestamp="2022-06-07T11:43:31 IST">
  <testcase classname="xyz.day1" name="logindemo1" time="0.007"/>
  <testcase classname="xyz.day1" name="logindemo2" time="0.001"/>
  <testcase classname="xyz.day1" name="logindemo3" time="0.001"/>
  <testcase classname="xyz.day1" name="logindemo4" time="0.001"/>
  <testcase classname="xyz.day1" name="logindemo5" time="0.001"/>
  <testcase classname="xyz.day1" name="logindemo6" time="0.001"/>
</testsuite> <!-- Default test -->
