<?xml version="1.0" encoding="UTF-8"?>
<testng-results ignored="0" total="6" passed="6" failed="0" skipped="0">
  <reporter-output>
  </reporter-output>
  <suite started-at="2022-06-07T11:43:31 IST" name="Default suite" finished-at="2022-06-07T11:43:31 IST" duration-ms="63">
    <groups>
    </groups>
    <test started-at="2022-06-07T11:43:31 IST" name="Default test" finished-at="2022-06-07T11:43:31 IST" duration-ms="63">
      <class name="xyz.day1">
        <test-method signature="logindemo1()[pri:0, instance:xyz.day1@4d02f94e]" started-at="2022-06-07T11:43:31 IST" name="logindemo1" finished-at="2022-06-07T11:43:31 IST" duration-ms="7" status="PASS">
          <reporter-output>
          </reporter-output>
        </test-method> <!-- logindemo1 -->
        <test-method signature="logindemo2()[pri:0, instance:xyz.day1@4d02f94e]" started-at="2022-06-07T11:43:31 IST" name="logindemo2" finished-at="2022-06-07T11:43:31 IST" duration-ms="1" status="PASS">
          <reporter-output>
          </reporter-output>
        </test-method> <!-- logindemo2 -->
        <test-method signature="logindemo3()[pri:0, instance:xyz.day1@4d02f94e]" started-at="2022-06-07T11:43:31 IST" name="logindemo3" finished-at="2022-06-07T11:43:31 IST" duration-ms="1" status="PASS">
          <reporter-output>
          </reporter-output>
        </test-method> <!-- logindemo3 -->
        <test-method signature="logindemo4()[pri:0, instance:xyz.day1@4d02f94e]" started-at="2022-06-07T11:43:31 IST" name="logindemo4" finished-at="2022-06-07T11:43:31 IST" duration-ms="1" status="PASS">
          <reporter-output>
          </reporter-output>
        </test-method> <!-- logindemo4 -->
        <test-method signature="logindemo5()[pri:0, instance:xyz.day1@4d02f94e]" started-at="2022-06-07T11:43:31 IST" name="logindemo5" finished-at="2022-06-07T11:43:31 IST" duration-ms="1" status="PASS">
          <reporter-output>
          </reporter-output>
        </test-method> <!-- logindemo5 -->
        <test-method signature="logindemo6()[pri:0, instance:xyz.day1@4d02f94e]" started-at="2022-06-07T11:43:31 IST" name="logindemo6" finished-at="2022-06-07T11:43:31 IST" duration-ms="1" status="PASS">
          <reporter-output>
          </reporter-output>
        </test-method> <!-- logindemo6 -->
      </class> <!-- xyz.day1 -->
    </test> <!-- Default test -->
  </suite> <!-- Default suite -->
</testng-results>
